<?xml version="1.0" encoding="UTF-8"?>
<!-- Generated by org.testng.reporters.JUnitReportReporter -->
<testsuite skipped="0" hostname="Maheshkannan" name="SampleTest" tests="1" failures="0" timestamp="06 Jan 2020 12:35:08 GMT" time="30.200" errors="0">
  <testcase name="myTestMethod" time="30.200" classname="SampleTest"/>
</testsuite> <!-- SampleTest -->
